sthanikan2000@sthanikan2000-VirtualBox:~/Downloads/pintos_project_2-master/src/userprog$ make check
cd build && make check
make[1]: Entering directory '/home/sthanikan2000/Downloads/pintos_project_2-master/src/userprog/build'
pass tests/userprog/args-none
pass tests/userprog/args-single
pass tests/userprog/args-multiple
pass tests/userprog/args-many
pass tests/userprog/args-dbl-space
pass tests/userprog/sc-bad-sp
pass tests/userprog/sc-bad-arg
pass tests/userprog/sc-boundary
pass tests/userprog/sc-boundary-2
pass tests/userprog/sc-boundary-3
pass tests/userprog/halt
pass tests/userprog/exit
pass tests/userprog/create-normal
pass tests/userprog/create-empty
pass tests/userprog/create-null
pass tests/userprog/create-bad-ptr
pass tests/userprog/create-long
pass tests/userprog/create-exists
pass tests/userprog/create-bound
pass tests/userprog/open-normal
pass tests/userprog/open-missing
pass tests/userprog/open-boundary
pass tests/userprog/open-empty
pass tests/userprog/open-null
pass tests/userprog/open-bad-ptr
pass tests/userprog/open-twice
pass tests/userprog/close-normal
FAIL tests/userprog/close-twice
FAIL tests/userprog/close-stdin
FAIL tests/userprog/close-stdout
FAIL tests/userprog/close-bad-fd
pass tests/userprog/read-normal
pass tests/userprog/read-bad-ptr
pass tests/userprog/read-boundary
pass tests/userprog/read-zero
FAIL tests/userprog/read-stdout
FAIL tests/userprog/read-bad-fd
pass tests/userprog/write-normal
pass tests/userprog/write-bad-ptr
pass tests/userprog/write-boundary
pass tests/userprog/write-zero
pass tests/userprog/write-stdin
FAIL tests/userprog/write-bad-fd
pass tests/userprog/exec-once
pass tests/userprog/exec-arg
pass tests/userprog/exec-bound
pass tests/userprog/exec-bound-2
FAIL tests/userprog/exec-bound-3
FAIL tests/userprog/exec-multiple
FAIL tests/userprog/exec-missing
FAIL tests/userprog/exec-bad-ptr
FAIL tests/userprog/wait-simple
FAIL tests/userprog/wait-twice
pass tests/userprog/wait-killed
FAIL tests/userprog/wait-bad-pid
FAIL tests/userprog/multi-recurse
FAIL tests/userprog/multi-child-fd
FAIL tests/userprog/rox-simple
FAIL tests/userprog/rox-child
FAIL tests/userprog/rox-multichild
pass tests/userprog/bad-read
pass tests/userprog/bad-write
pass tests/userprog/bad-read2
pass tests/userprog/bad-write2
pass tests/userprog/bad-jump
pass tests/userprog/bad-jump2
FAIL tests/userprog/no-vm/multi-oom
pass tests/filesys/base/lg-create
pass tests/filesys/base/lg-full
pass tests/filesys/base/lg-random
pass tests/filesys/base/lg-seq-block
pass tests/filesys/base/lg-seq-random
pass tests/filesys/base/sm-create
pass tests/filesys/base/sm-full
pass tests/filesys/base/sm-random
pass tests/filesys/base/sm-seq-block
pass tests/filesys/base/sm-seq-random
FAIL tests/filesys/base/syn-read
pass tests/filesys/base/syn-remove
FAIL tests/filesys/base/syn-write
22 of 80 tests failed.
make[1]: *** [../../tests/Make.tests:27: check] Error 1
make[1]: Leaving directory '/home/sthanikan2000/Downloads/pintos_project_2-master/src/userprog/build'
make: *** [../Makefile.kernel:10: check] Error 2
sthanikan2000@sthanikan2000-VirtualBox:~/Downloads/pintos_project_2-master/src/userprog$ ^C
sthanikan2000@sthanikan2000-VirtualBox:~/Downloads/pintos_project_2-master/src/userprog$
